  [4;36;1mSQL (0.2ms)[0m   [0;1m SELECT name
 FROM sqlite_master
 WHERE type = 'table' AND NOT name = 'sqlite_sequence'
[0m
  [4;35;1mSQL (0.1ms)[0m   [0mselect sqlite_version(*)[0m
  [4;36;1mSQL (3.1ms)[0m   [0;1mCREATE TABLE "schema_migrations" ("version" varchar(255) NOT NULL) [0m
  [4;35;1mSQL (0.1ms)[0m   [0mPRAGMA index_list("schema_migrations")[0m
  [4;36;1mSQL (2.4ms)[0m   [0;1mCREATE UNIQUE INDEX "unique_schema_migrations" ON "schema_migrations" ("version")[0m
  [4;35;1mSQL (0.3ms)[0m   [0m SELECT name
 FROM sqlite_master
 WHERE type = 'table' AND NOT name = 'sqlite_sequence'
[0m
  [4;36;1mSQL (0.1ms)[0m   [0;1mSELECT version FROM schema_migrations[0m
Migrating to CreatePosts (20100622214908)
  [4;35;1mSQL (0.5ms)[0m   [0mCREATE TABLE "posts" ("id" INTEGER PRIMARY KEY AUTOINCREMENT NOT NULL, "title" varchar(255), "created_at" datetime, "updated_at" datetime) [0m
  [4;36;1mSQL (0.1ms)[0m   [0;1mINSERT INTO schema_migrations (version) VALUES ('20100622214908')[0m
  [4;35;1mSQL (0.3ms)[0m   [0m SELECT name
 FROM sqlite_master
 WHERE type = 'table' AND NOT name = 'sqlite_sequence'
[0m
  [4;36;1mSQL (0.1ms)[0m   [0;1mSELECT version FROM schema_migrations[0m
  [4;35;1mSQL (0.1ms)[0m   [0m SELECT name
 FROM sqlite_master
 WHERE type = 'table' AND NOT name = 'sqlite_sequence'
[0m
  [4;36;1mSQL (0.0ms)[0m   [0;1mPRAGMA index_list("posts")[0m
  [4;36;1mSQL (0.4ms)[0m   [0;1m SELECT name
 FROM sqlite_master
 WHERE type = 'table' AND NOT name = 'sqlite_sequence'
[0m
  [4;35;1mSQL (0.1ms)[0m   [0mSELECT version FROM schema_migrations[0m
Migrating to CreatePosts (20100622214908)
Migrating to AddPositionToPosts (20100622214939)
  [4;36;1mSQL (0.1ms)[0m   [0;1mselect sqlite_version(*)[0m
  [4;35;1mSQL (1.8ms)[0m   [0mALTER TABLE "posts" ADD "position" integer[0m
  [4;36;1mSQL (0.1ms)[0m   [0;1mINSERT INTO schema_migrations (version) VALUES ('20100622214939')[0m
  [4;35;1mSQL (1.0ms)[0m   [0m SELECT name
 FROM sqlite_master
 WHERE type = 'table' AND NOT name = 'sqlite_sequence'
[0m
  [4;36;1mSQL (0.1ms)[0m   [0;1mSELECT version FROM schema_migrations[0m
  [4;35;1mSQL (0.2ms)[0m   [0m SELECT name
 FROM sqlite_master
 WHERE type = 'table' AND NOT name = 'sqlite_sequence'
[0m
  [4;36;1mSQL (0.0ms)[0m   [0;1mPRAGMA index_list("posts")[0m


Processing PostsController#index (for 127.0.0.1 at 2010-06-22 17:50:23) [GET]
  [4;36;1mSQL (0.5ms)[0m   [0;1m SELECT name
 FROM sqlite_master
 WHERE type = 'table' AND NOT name = 'sqlite_sequence'
[0m

NoMethodError (undefined method `paginate' for #<Class:0x101794fa8>):
  app/controllers/posts_controller.rb:36:in `index'

Rendered rescues/_trace (29.8ms)
Rendered rescues/_request_and_response (1.1ms)
Rendering rescues/layout (internal_server_error)


Processing PostsController#index (for 127.0.0.1 at 2010-06-22 17:51:22) [GET]
  [4;36;1mPost Load (0.4ms)[0m   [0;1mSELECT * FROM "posts" LIMIT 20 OFFSET 0[0m
Rendering template within layouts/application
Rendering posts/index
Completed in 24ms (View: 20, DB: 0) | 200 OK [http://localhost/posts]


Processing PostsController#new (for 127.0.0.1 at 2010-06-22 17:51:26) [GET]
Rendering template within layouts/application
Rendering posts/new
Rendered posts/_form (6.8ms)
Completed in 21ms (View: 16, DB: 0) | 200 OK [http://localhost/posts/new]


Processing PostsController#create (for 127.0.0.1 at 2010-06-22 17:51:30) [POST]
  Parameters: {"commit"=>"Submit", "post"=>{"title"=>"This is a post"}, "authenticity_token"=>"lkj3Vvv4O1aKk14ht1OC1I5dM6nyXOStttZMxoE/kNU="}
  [4;35;1mPost Create (0.4ms)[0m   [0mINSERT INTO "posts" ("position", "created_at", "title", "updated_at") VALUES(NULL, '2010-06-22 21:51:30', 'This is a post', '2010-06-22 21:51:30')[0m
Redirected to http://localhost:3000/posts/1
Completed in 11ms (DB: 0) | 302 Found [http://localhost/posts]


Processing PostsController#show (for 127.0.0.1 at 2010-06-22 17:51:30) [GET]
  Parameters: {"id"=>"1"}
  [4;36;1mPost Load (0.2ms)[0m   [0;1mSELECT * FROM "posts" WHERE ("posts"."id" = 1) [0m
Rendering template within layouts/application
Rendering posts/show
Completed in 13ms (View: 8, DB: 0) | 200 OK [http://localhost/posts/1]


Processing PostsController#index (for 127.0.0.1 at 2010-06-22 17:51:35) [GET]
  [4;35;1mPost Load (0.4ms)[0m   [0mSELECT * FROM "posts" LIMIT 20 OFFSET 0[0m
Rendering template within layouts/application
Rendering posts/index

ActionView::TemplateError (Missing template posts/_post.erb in view path app/views) on line #4 of app/views/posts/index.html.haml:
1: %h2 Listing posts
2: - if !@posts.empty?
3:   .posts
4:     = render :partial => "post", :collection => @posts
5:   = will_paginate(@posts)
6: - else
7:   %p There are no posts to show yet.

    haml (3.0.12) rails/./lib/haml/helpers/action_view_mods.rb:11:in `render'
    haml (3.0.12) lib/haml/helpers.rb:90:in `non_haml'
    haml (3.0.12) rails/./lib/haml/helpers/action_view_mods.rb:11:in `render'
    app/views/posts/index.html.haml:4:in `_run_haml_app47views47posts47index46html46haml'
    haml (3.0.12) rails/./lib/haml/helpers/action_view_mods.rb:13:in `render'
    haml (3.0.12) rails/./lib/haml/helpers/action_view_mods.rb:13:in `render'
    app/controllers/posts_controller.rb:37:in `index'
    haml (3.0.12) rails/./lib/sass/plugin/rack.rb:41:in `call'

Rendered rescues/_trace (122.8ms)
Rendered rescues/_request_and_response (1.1ms)
Rendering rescues/layout (internal_server_error)


Processing PostsController#index (for 127.0.0.1 at 2010-06-22 17:51:37) [GET]
  [4;36;1mPost Load (0.5ms)[0m   [0;1mSELECT * FROM "posts" LIMIT 20 OFFSET 0[0m
Rendering template within layouts/application
Rendering posts/index

ActionView::TemplateError (Missing template posts/_post.erb in view path app/views) on line #4 of app/views/posts/index.html.haml:
1: %h2 Listing posts
2: - if !@posts.empty?
3:   .posts
4:     = render :partial => "post", :collection => @posts
5:   = will_paginate(@posts)
6: - else
7:   %p There are no posts to show yet.

    haml (3.0.12) rails/./lib/haml/helpers/action_view_mods.rb:11:in `render'
    haml (3.0.12) lib/haml/helpers.rb:90:in `non_haml'
    haml (3.0.12) rails/./lib/haml/helpers/action_view_mods.rb:11:in `render'
    app/views/posts/index.html.haml:4:in `_run_haml_app47views47posts47index46html46haml'
    haml (3.0.12) rails/./lib/haml/helpers/action_view_mods.rb:13:in `render'
    haml (3.0.12) rails/./lib/haml/helpers/action_view_mods.rb:13:in `render'
    app/controllers/posts_controller.rb:37:in `index'
    haml (3.0.12) rails/./lib/sass/plugin/rack.rb:41:in `call'

Rendered rescues/_trace (130.1ms)
Rendered rescues/_request_and_response (0.3ms)
Rendering rescues/layout (internal_server_error)


Processing PostsController#index (for 127.0.0.1 at 2010-06-22 17:52:15) [GET]
  [4;36;1mPost Load (0.5ms)[0m   [0;1mSELECT * FROM "posts" LIMIT 20 OFFSET 0[0m
Rendering template within layouts/application
Rendering posts/index
Rendered posts/_post (77.8ms)
Completed in 100ms (View: 96, DB: 0) | 200 OK [http://localhost/posts]


Processing PostsController#index (for 127.0.0.1 at 2010-06-22 17:52:48) [GET]
  [4;35;1mPost Load (0.4ms)[0m   [0mSELECT * FROM "posts" LIMIT 20 OFFSET 0[0m
Rendering template within layouts/application
Rendering posts/index
Rendered posts/_post (3.3ms)
Completed in 13ms (View: 9, DB: 0) | 200 OK [http://localhost/posts]


Processing PostsController#new (for 127.0.0.1 at 2010-06-22 17:52:50) [GET]
Rendering template within layouts/application
Rendering posts/new
Rendered posts/_form (5.6ms)
Completed in 20ms (View: 15, DB: 0) | 200 OK [http://localhost/posts/new]


Processing PostsController#create (for 127.0.0.1 at 2010-06-22 17:52:56) [POST]
  Parameters: {"commit"=>"Submit", "post"=>{"title"=>"This is another post"}, "authenticity_token"=>"lkj3Vvv4O1aKk14ht1OC1I5dM6nyXOStttZMxoE/kNU="}
  [4;36;1mPost Create (0.4ms)[0m   [0;1mINSERT INTO "posts" ("position", "created_at", "title", "updated_at") VALUES(NULL, '2010-06-22 21:52:56', 'This is another post', '2010-06-22 21:52:56')[0m
Redirected to http://localhost:3000/posts/2
Completed in 11ms (DB: 0) | 302 Found [http://localhost/posts]


Processing PostsController#show (for 127.0.0.1 at 2010-06-22 17:52:56) [GET]
  Parameters: {"id"=>"2"}
  [4;35;1mPost Load (0.2ms)[0m   [0mSELECT * FROM "posts" WHERE ("posts"."id" = 2) [0m
Rendering template within layouts/application
Rendering posts/show
Completed in 13ms (View: 8, DB: 0) | 200 OK [http://localhost/posts/2]


Processing PostsController#index (for 127.0.0.1 at 2010-06-22 17:52:58) [GET]
  [4;36;1mPost Load (0.5ms)[0m   [0;1mSELECT * FROM "posts" LIMIT 20 OFFSET 0[0m
Rendering template within layouts/application
Rendering posts/index
Rendered posts/_post (2.3ms)
Rendered posts/_post (0.5ms)
Completed in 10ms (View: 5, DB: 0) | 200 OK [http://localhost/posts]


Processing PostsController#new (for 127.0.0.1 at 2010-06-22 17:52:59) [GET]
Rendering template within layouts/application
Rendering posts/new
Rendered posts/_form (4.7ms)
Completed in 11ms (View: 7, DB: 0) | 200 OK [http://localhost/posts/new]


Processing PostsController#create (for 127.0.0.1 at 2010-06-22 17:53:04) [POST]
  Parameters: {"commit"=>"Submit", "post"=>{"title"=>"This is my third post"}, "authenticity_token"=>"lkj3Vvv4O1aKk14ht1OC1I5dM6nyXOStttZMxoE/kNU="}
  [4;35;1mPost Create (0.3ms)[0m   [0mINSERT INTO "posts" ("position", "created_at", "title", "updated_at") VALUES(NULL, '2010-06-22 21:53:04', 'This is my third post', '2010-06-22 21:53:04')[0m
Redirected to http://localhost:3000/posts/3
Completed in 9ms (DB: 0) | 302 Found [http://localhost/posts]


Processing PostsController#show (for 127.0.0.1 at 2010-06-22 17:53:04) [GET]
  Parameters: {"id"=>"3"}
  [4;36;1mPost Load (0.2ms)[0m   [0;1mSELECT * FROM "posts" WHERE ("posts"."id" = 3) [0m
Rendering template within layouts/application
Rendering posts/show
Completed in 9ms (View: 4, DB: 0) | 200 OK [http://localhost/posts/3]


Processing PostsController#index (for 127.0.0.1 at 2010-06-22 17:53:05) [GET]
  [4;35;1mPost Load (0.5ms)[0m   [0mSELECT * FROM "posts" LIMIT 20 OFFSET 0[0m
Rendering template within layouts/application
Rendering posts/index
Rendered posts/_post (2.5ms)
Rendered posts/_post (0.7ms)
Rendered posts/_post (0.6ms)
Completed in 11ms (View: 7, DB: 1) | 200 OK [http://localhost/posts]


Processing PostsController#new (for 127.0.0.1 at 2010-06-22 17:53:06) [GET]
Rendering template within layouts/application
Rendering posts/new
Rendered posts/_form (4.6ms)
Completed in 11ms (View: 7, DB: 0) | 200 OK [http://localhost/posts/new]


Processing PostsController#create (for 127.0.0.1 at 2010-06-22 17:53:11) [POST]
  Parameters: {"commit"=>"Submit", "post"=>{"title"=>"Here is my fourth post"}, "authenticity_token"=>"lkj3Vvv4O1aKk14ht1OC1I5dM6nyXOStttZMxoE/kNU="}
  [4;36;1mPost Create (0.3ms)[0m   [0;1mINSERT INTO "posts" ("position", "created_at", "title", "updated_at") VALUES(NULL, '2010-06-22 21:53:11', 'Here is my fourth post', '2010-06-22 21:53:11')[0m
Redirected to http://localhost:3000/posts/4
Completed in 10ms (DB: 0) | 302 Found [http://localhost/posts]


Processing PostsController#show (for 127.0.0.1 at 2010-06-22 17:53:11) [GET]
  Parameters: {"id"=>"4"}
  [4;35;1mPost Load (0.2ms)[0m   [0mSELECT * FROM "posts" WHERE ("posts"."id" = 4) [0m
Rendering template within layouts/application
Rendering posts/show
Completed in 9ms (View: 4, DB: 0) | 200 OK [http://localhost/posts/4]


Processing PostsController#index (for 127.0.0.1 at 2010-06-22 17:53:13) [GET]
  [4;36;1mPost Load (0.6ms)[0m   [0;1mSELECT * FROM "posts" LIMIT 20 OFFSET 0[0m
Rendering template within layouts/application
Rendering posts/index
Rendered posts/_post (2.5ms)
Rendered posts/_post (0.6ms)
Rendered posts/_post (0.6ms)
Rendered posts/_post (0.6ms)
Completed in 11ms (View: 7, DB: 1) | 200 OK [http://localhost/posts]


Processing PostsController#index (for 127.0.0.1 at 2010-06-22 17:54:50) [GET]
  [4;35;1mPost Load (0.6ms)[0m   [0mSELECT * FROM "posts" LIMIT 20 OFFSET 0[0m
Rendering template within layouts/application
Rendering posts/index
Rendered posts/_post (3.2ms)
Rendered posts/_post (0.6ms)
Rendered posts/_post (0.6ms)
Rendered posts/_post (0.5ms)
Completed in 16ms (View: 11, DB: 1) | 200 OK [http://localhost/posts]


Processing PostsController#index (for 127.0.0.1 at 2010-06-22 17:55:40) [GET]
  [4;36;1mPost Load (0.6ms)[0m   [0;1mSELECT * FROM "posts" LIMIT 20 OFFSET 0[0m
Rendering template within layouts/application
Rendering posts/index
Rendered posts/_post (2.7ms)
Rendered posts/_post (0.5ms)
Rendered posts/_post (0.5ms)
Rendered posts/_post (0.5ms)
Completed in 16ms (View: 11, DB: 1) | 200 OK [http://localhost/posts]


Processing PostsController#index (for 127.0.0.1 at 2010-06-22 17:56:27) [GET]
  [4;35;1mPost Load (0.6ms)[0m   [0mSELECT * FROM "posts" LIMIT 20 OFFSET 0[0m
Rendering template within layouts/application
Rendering posts/index
Rendered posts/_post (4.3ms)
Rendered posts/_post (0.8ms)
Rendered posts/_post (0.7ms)
Rendered posts/_post (0.8ms)
Completed in 17ms (View: 13, DB: 1) | 200 OK [http://localhost/posts]


Processing PostsController#show (for 127.0.0.1 at 2010-06-22 17:56:39) [GET]
  Parameters: {"id"=>"1"}
  [4;36;1mPost Load (0.2ms)[0m   [0;1mSELECT * FROM "posts" WHERE ("posts"."id" = 1) [0m
Rendering template within layouts/application
Rendering posts/show
Completed in 9ms (View: 4, DB: 0) | 200 OK [http://localhost/posts/1]


Processing PostsController#index (for 127.0.0.1 at 2010-06-22 17:56:40) [GET]
  [4;35;1mPost Load (0.6ms)[0m   [0mSELECT * FROM "posts" LIMIT 20 OFFSET 0[0m
Rendering template within layouts/application
Rendering posts/index
Rendered posts/_post (2.9ms)
Rendered posts/_post (0.7ms)
Rendered posts/_post (0.7ms)
Rendered posts/_post (0.7ms)
Completed in 12ms (View: 8, DB: 1) | 200 OK [http://localhost/posts]


Processing PostsController#index (for 127.0.0.1 at 2010-06-22 17:57:27) [GET]
  [4;36;1mPost Load (0.6ms)[0m   [0;1mSELECT * FROM "posts" LIMIT 20 OFFSET 0[0m
Rendering template within layouts/application
Rendering posts/index
Rendered posts/_post (3.9ms)
Rendered posts/_post (0.7ms)
Rendered posts/_post (0.8ms)
Rendered posts/_post (0.7ms)
Completed in 16ms (View: 12, DB: 1) | 200 OK [http://localhost/posts]


Processing PostsController#index (for 127.0.0.1 at 2010-06-22 17:58:12) [GET]
  [4;35;1mPost Load (0.6ms)[0m   [0mSELECT * FROM "posts" LIMIT 20 OFFSET 0[0m
Rendering template within layouts/application
Rendering posts/index
Rendered posts/_post (4.1ms)
Rendered posts/_post (0.8ms)
Rendered posts/_post (0.7ms)
Rendered posts/_post (0.7ms)
Completed in 45ms (View: 37, DB: 1) | 200 OK [http://localhost/posts]


Processing PostsController#index (for 127.0.0.1 at 2010-06-22 17:58:33) [GET]
  [4;36;1mPost Load (0.6ms)[0m   [0;1mSELECT * FROM "posts" LIMIT 20 OFFSET 0[0m
Rendering template within layouts/application
Rendering posts/index
Rendered posts/_post (3.7ms)
Rendered posts/_post (0.7ms)
Rendered posts/_post (0.8ms)
Rendered posts/_post (0.7ms)
Completed in 17ms (View: 12, DB: 1) | 200 OK [http://localhost/posts]


Processing ApplicationController#index (for 127.0.0.1 at 2010-06-22 17:58:42) [GET]

ActionController::RoutingError (No route matches "/published.atom" with {:method=>:get}):
  haml (3.0.12) rails/./lib/sass/plugin/rack.rb:41:in `call'

Rendering rescues/layout (not_found)


Processing PostsController#index (for 127.0.0.1 at 2010-06-22 18:00:21) [GET]
  [4;35;1mPost Load (0.6ms)[0m   [0mSELECT * FROM "posts" LIMIT 20 OFFSET 0[0m
Rendering template within layouts/application
Rendering posts/index
Completed in 14ms (View: 10, DB: 1) | 200 OK [http://localhost/posts]


Processing PostsController#index (for 127.0.0.1 at 2010-06-22 18:00:58) [GET]
  [4;36;1mPost Load (0.6ms)[0m   [0;1mSELECT * FROM "posts" LIMIT 20 OFFSET 0[0m
Rendering template within layouts/application
Rendering posts/index
Completed in 16ms (View: 11, DB: 1) | 200 OK [http://localhost/posts]


Processing ApplicationController#index (for 127.0.0.1 at 2010-06-22 18:01:01) [POST]
  Parameters: {"authenticity_token"=>"lkj3Vvv4O1aKk14ht1OC1I5dM6nyXOStttZMxoE/kNU=", "posts"=>["1", "4", "2", "3"], "_"=>""}

ActionController::RoutingError (No route matches "/TODO" with {:method=>:post}):
  haml (3.0.12) rails/./lib/sass/plugin/rack.rb:41:in `call'

Rendering rescues/layout (not_found)


Processing ApplicationController#index (for 127.0.0.1 at 2010-06-22 18:01:02) [POST]
  Parameters: {"authenticity_token"=>"lkj3Vvv4O1aKk14ht1OC1I5dM6nyXOStttZMxoE/kNU=", "posts"=>["4", "2", "1", "3"], "_"=>""}

ActionController::RoutingError (No route matches "/TODO" with {:method=>:post}):
  haml (3.0.12) rails/./lib/sass/plugin/rack.rb:41:in `call'

Rendering rescues/layout (not_found)


Processing ApplicationController#index (for 127.0.0.1 at 2010-06-22 18:01:04) [POST]
  Parameters: {"authenticity_token"=>"lkj3Vvv4O1aKk14ht1OC1I5dM6nyXOStttZMxoE/kNU=", "posts"=>["3", "4", "2", "1"], "_"=>""}

ActionController::RoutingError (No route matches "/TODO" with {:method=>:post}):
  haml (3.0.12) rails/./lib/sass/plugin/rack.rb:41:in `call'

Rendering rescues/layout (not_found)


Processing ApplicationController#index (for 127.0.0.1 at 2010-06-22 18:01:06) [POST]
  Parameters: {"authenticity_token"=>"lkj3Vvv4O1aKk14ht1OC1I5dM6nyXOStttZMxoE/kNU=", "posts"=>["3", "2", "4", "1"], "_"=>""}

ActionController::RoutingError (No route matches "/TODO" with {:method=>:post}):
  haml (3.0.12) rails/./lib/sass/plugin/rack.rb:41:in `call'

Rendering rescues/layout (not_found)


Processing ApplicationController#index (for 127.0.0.1 at 2010-06-22 18:01:07) [POST]
  Parameters: {"authenticity_token"=>"lkj3Vvv4O1aKk14ht1OC1I5dM6nyXOStttZMxoE/kNU=", "posts"=>["2", "4", "1", "3"], "_"=>""}

ActionController::RoutingError (No route matches "/TODO" with {:method=>:post}):
  haml (3.0.12) rails/./lib/sass/plugin/rack.rb:41:in `call'

Rendering rescues/layout (not_found)


Processing PostsController#index (for 127.0.0.1 at 2010-06-22 18:01:08) [GET]
  [4;35;1mPost Load (0.6ms)[0m   [0mSELECT * FROM "posts" LIMIT 20 OFFSET 0[0m
Rendering template within layouts/application
Rendering posts/index
Completed in 10ms (View: 6, DB: 1) | 200 OK [http://localhost/posts]


Processing PostsController#index (for 127.0.0.1 at 2010-06-22 18:03:58) [GET]
  [4;36;1mPost Load (0.6ms)[0m   [0;1mSELECT * FROM "posts" ORDER BY position LIMIT 20 OFFSET 0[0m
Rendering template within layouts/application
Rendering posts/index
Completed in 10ms (View: 6, DB: 1) | 200 OK [http://localhost/posts]


Processing ApplicationController#index (for 127.0.0.1 at 2010-06-22 18:04:01) [POST]
  Parameters: {"authenticity_token"=>"lkj3Vvv4O1aKk14ht1OC1I5dM6nyXOStttZMxoE/kNU=", "posts"=>["2", "3", "1", "4"], "_"=>""}

ActionController::RoutingError (No route matches "/TODO" with {:method=>:post}):
  haml (3.0.12) rails/./lib/sass/plugin/rack.rb:41:in `call'

Rendering rescues/layout (not_found)


Processing ApplicationController#index (for 127.0.0.1 at 2010-06-22 18:04:02) [POST]
  Parameters: {"authenticity_token"=>"lkj3Vvv4O1aKk14ht1OC1I5dM6nyXOStttZMxoE/kNU=", "posts"=>["4", "2", "3", "1"], "_"=>""}

ActionController::RoutingError (No route matches "/TODO" with {:method=>:post}):
  haml (3.0.12) rails/./lib/sass/plugin/rack.rb:41:in `call'

Rendering rescues/layout (not_found)


Processing PostsController#index (for 127.0.0.1 at 2010-06-22 18:06:06) [GET]
  [4;36;1mPost Load (0.7ms)[0m   [0;1mSELECT * FROM "posts" ORDER BY position LIMIT 20 OFFSET 0[0m
Rendering template within layouts/application
Rendering posts/index
Completed in 96ms (View: 92, DB: 1) | 200 OK [http://localhost/posts]


Processing PostsController#sort (for 127.0.0.1 at 2010-06-22 18:06:09) [POST]
  Parameters: {"authenticity_token"=>"lkj3Vvv4O1aKk14ht1OC1I5dM6nyXOStttZMxoE/kNU=", "posts"=>["2", "3", "1", "4"], "_"=>""}
  [4;35;1mPost Update (3.6ms)[0m   [0mUPDATE "posts" SET position=1 WHERE (id='2') [0m
  [4;36;1mPost Update (2.0ms)[0m   [0;1mUPDATE "posts" SET position=2 WHERE (id='3') [0m
  [4;35;1mPost Update (1.7ms)[0m   [0mUPDATE "posts" SET position=3 WHERE (id='1') [0m
  [4;36;1mPost Update (1.6ms)[0m   [0;1mUPDATE "posts" SET position=4 WHERE (id='4') [0m
Completed in 16ms (View: 1, DB: 9) | 200 OK [http://localhost/posts/sort]


Processing PostsController#sort (for 127.0.0.1 at 2010-06-22 18:06:11) [POST]
  Parameters: {"authenticity_token"=>"lkj3Vvv4O1aKk14ht1OC1I5dM6nyXOStttZMxoE/kNU=", "posts"=>["2", "4", "3", "1"], "_"=>""}
  [4;35;1mPost Update (3.6ms)[0m   [0mUPDATE "posts" SET position=1 WHERE (id='2') [0m
  [4;36;1mPost Update (2.1ms)[0m   [0;1mUPDATE "posts" SET position=2 WHERE (id='4') [0m
  [4;35;1mPost Update (2.2ms)[0m   [0mUPDATE "posts" SET position=3 WHERE (id='3') [0m
  [4;36;1mPost Update (3.7ms)[0m   [0;1mUPDATE "posts" SET position=4 WHERE (id='1') [0m
Completed in 19ms (View: 2, DB: 12) | 200 OK [http://localhost/posts/sort]


Processing PostsController#sort (for 127.0.0.1 at 2010-06-22 18:06:12) [POST]
  Parameters: {"authenticity_token"=>"lkj3Vvv4O1aKk14ht1OC1I5dM6nyXOStttZMxoE/kNU=", "posts"=>["4", "2", "3", "1"], "_"=>""}
  [4;35;1mPost Update (3.3ms)[0m   [0mUPDATE "posts" SET position=1 WHERE (id='4') [0m
  [4;36;1mPost Update (23.5ms)[0m   [0;1mUPDATE "posts" SET position=2 WHERE (id='2') [0m
  [4;35;1mPost Update (1.6ms)[0m   [0mUPDATE "posts" SET position=3 WHERE (id='3') [0m
  [4;36;1mPost Update (2.0ms)[0m   [0;1mUPDATE "posts" SET position=4 WHERE (id='1') [0m
Completed in 38ms (View: 1, DB: 30) | 200 OK [http://localhost/posts/sort]


Processing PostsController#index (for 127.0.0.1 at 2010-06-22 18:06:14) [GET]
  [4;35;1mPost Load (0.6ms)[0m   [0mSELECT * FROM "posts" ORDER BY position LIMIT 20 OFFSET 0[0m
Rendering template within layouts/application
Rendering posts/index
Completed in 12ms (View: 7, DB: 1) | 200 OK [http://localhost/posts]


Processing PostsController#index (for 127.0.0.1 at 2010-06-22 18:08:12) [GET]
  [4;36;1mPost Load (0.7ms)[0m   [0;1mSELECT * FROM "posts" ORDER BY position LIMIT 20 OFFSET 0[0m
Rendering template within layouts/application
Rendering posts/index
Completed in 149ms (View: 143, DB: 1) | 200 OK [http://localhost/]


Processing PostsController#sort (for 127.0.0.1 at 2010-06-22 18:08:16) [POST]
  Parameters: {"authenticity_token"=>"lkj3Vvv4O1aKk14ht1OC1I5dM6nyXOStttZMxoE/kNU=", "posts"=>["4", "2", "1", "3"], "_"=>""}
  [4;35;1mPost Update (3.7ms)[0m   [0mUPDATE "posts" SET position=1 WHERE (id='4') [0m
  [4;36;1mPost Update (1.8ms)[0m   [0;1mUPDATE "posts" SET position=2 WHERE (id='2') [0m
  [4;35;1mPost Update (2.0ms)[0m   [0mUPDATE "posts" SET position=3 WHERE (id='1') [0m
  [4;36;1mPost Update (2.8ms)[0m   [0;1mUPDATE "posts" SET position=4 WHERE (id='3') [0m
Completed in 17ms (View: 1, DB: 10) | 200 OK [http://localhost/posts/sort]


Processing PostsController#sort (for 127.0.0.1 at 2010-06-22 18:08:18) [POST]
  Parameters: {"authenticity_token"=>"lkj3Vvv4O1aKk14ht1OC1I5dM6nyXOStttZMxoE/kNU=", "posts"=>["4", "1", "2", "3"], "_"=>""}
  [4;35;1mPost Update (3.2ms)[0m   [0mUPDATE "posts" SET position=1 WHERE (id='4') [0m
  [4;36;1mPost Update (1.9ms)[0m   [0;1mUPDATE "posts" SET position=2 WHERE (id='1') [0m
  [4;35;1mPost Update (2.2ms)[0m   [0mUPDATE "posts" SET position=3 WHERE (id='2') [0m
  [4;36;1mPost Update (3.0ms)[0m   [0;1mUPDATE "posts" SET position=4 WHERE (id='3') [0m
Completed in 17ms (View: 1, DB: 10) | 200 OK [http://localhost/posts/sort]


Processing PostsController#sort (for 127.0.0.1 at 2010-06-22 18:08:19) [POST]
  Parameters: {"authenticity_token"=>"lkj3Vvv4O1aKk14ht1OC1I5dM6nyXOStttZMxoE/kNU=", "posts"=>["3", "4", "1", "2"], "_"=>""}
  [4;35;1mPost Update (1.9ms)[0m   [0mUPDATE "posts" SET position=1 WHERE (id='3') [0m
  [4;36;1mPost Update (1.6ms)[0m   [0;1mUPDATE "posts" SET position=2 WHERE (id='4') [0m
  [4;35;1mPost Update (1.4ms)[0m   [0mUPDATE "posts" SET position=3 WHERE (id='1') [0m
  [4;36;1mPost Update (1.7ms)[0m   [0;1mUPDATE "posts" SET position=4 WHERE (id='2') [0m
Completed in 13ms (View: 1, DB: 7) | 200 OK [http://localhost/posts/sort]


Processing PostsController#sort (for 127.0.0.1 at 2010-06-22 18:08:20) [POST]
  Parameters: {"authenticity_token"=>"lkj3Vvv4O1aKk14ht1OC1I5dM6nyXOStttZMxoE/kNU=", "posts"=>["3", "1", "2", "4"], "_"=>""}
  [4;35;1mPost Update (229.2ms)[0m   [0mUPDATE "posts" SET position=1 WHERE (id='3') [0m
  [4;36;1mPost Update (7.7ms)[0m   [0;1mUPDATE "posts" SET position=2 WHERE (id='1') [0m
  [4;35;1mPost Update (4.4ms)[0m   [0mUPDATE "posts" SET position=3 WHERE (id='2') [0m
  [4;36;1mPost Update (1.7ms)[0m   [0;1mUPDATE "posts" SET position=4 WHERE (id='4') [0m
Completed in 249ms (View: 1, DB: 243) | 200 OK [http://localhost/posts/sort]


Processing PostsController#sort (for 127.0.0.1 at 2010-06-22 18:08:21) [POST]
  Parameters: {"authenticity_token"=>"lkj3Vvv4O1aKk14ht1OC1I5dM6nyXOStttZMxoE/kNU=", "posts"=>["3", "2", "1", "4"], "_"=>""}
  [4;35;1mPost Update (3.5ms)[0m   [0mUPDATE "posts" SET position=1 WHERE (id='3') [0m
  [4;36;1mPost Update (2.0ms)[0m   [0;1mUPDATE "posts" SET position=2 WHERE (id='2') [0m
  [4;35;1mPost Update (1.8ms)[0m   [0mUPDATE "posts" SET position=3 WHERE (id='1') [0m
  [4;36;1mPost Update (2.1ms)[0m   [0;1mUPDATE "posts" SET position=4 WHERE (id='4') [0m
Completed in 16ms (View: 2, DB: 9) | 200 OK [http://localhost/posts/sort]


Processing PostsController#index (for 127.0.0.1 at 2010-06-22 18:08:22) [GET]
  [4;35;1mPost Load (0.6ms)[0m   [0mSELECT * FROM "posts" ORDER BY position LIMIT 20 OFFSET 0[0m
Rendering template within layouts/application
Rendering posts/index
Completed in 11ms (View: 6, DB: 1) | 200 OK [http://localhost/]


Processing PostsController#index (for 127.0.0.1 at 2010-06-22 18:09:56) [GET]
  [4;36;1mPost Load (0.7ms)[0m   [0;1mSELECT * FROM "posts" ORDER BY position LIMIT 20 OFFSET 0[0m
Rendering template within layouts/application
Rendering posts/index
Completed in 97ms (View: 93, DB: 1) | 200 OK [http://localhost/]


Processing PostsController#sort (for 127.0.0.1 at 2010-06-22 18:09:59) [POST]
  Parameters: {"authenticity_token"=>"lkj3Vvv4O1aKk14ht1OC1I5dM6nyXOStttZMxoE/kNU=", "posts"=>["2", "1", "4", "3"], "_"=>""}
  [4;35;1mPost Update (1.8ms)[0m   [0mUPDATE "posts" SET position=1 WHERE (id='2') [0m
  [4;36;1mPost Update (1.9ms)[0m   [0;1mUPDATE "posts" SET position=2 WHERE (id='1') [0m
  [4;35;1mPost Update (2.1ms)[0m   [0mUPDATE "posts" SET position=3 WHERE (id='4') [0m
  [4;36;1mPost Update (1.8ms)[0m   [0;1mUPDATE "posts" SET position=4 WHERE (id='3') [0m
Completed in 14ms (View: 1, DB: 8) | 200 OK [http://localhost/posts/sort]


Processing PostsController#show (for 127.0.0.1 at 2010-06-22 18:10:02) [GET]
  Parameters: {"id"=>"3"}
  [4;35;1mPost Load (0.2ms)[0m   [0mSELECT * FROM "posts" WHERE ("posts"."id" = 3) [0m
Rendering template within layouts/application
Rendering posts/show
Completed in 14ms (View: 9, DB: 0) | 200 OK [http://localhost/posts/3]


Processing PostsController#index (for 127.0.0.1 at 2010-06-22 18:10:03) [GET]
  [4;36;1mPost Load (0.6ms)[0m   [0;1mSELECT * FROM "posts" ORDER BY position LIMIT 20 OFFSET 0[0m
Rendering template within layouts/application
Rendering posts/index
Completed in 11ms (View: 6, DB: 1) | 200 OK [http://localhost/]


Processing PostsController#show (for 127.0.0.1 at 2010-06-22 18:10:04) [GET]
  Parameters: {"id"=>"2"}
  [4;35;1mPost Load (0.2ms)[0m   [0mSELECT * FROM "posts" WHERE ("posts"."id" = 2) [0m
Rendering template within layouts/application
Rendering posts/show
Completed in 9ms (View: 4, DB: 0) | 200 OK [http://localhost/posts/2]


Processing PostsController#index (for 127.0.0.1 at 2010-06-22 18:10:05) [GET]
  [4;36;1mPost Load (0.6ms)[0m   [0;1mSELECT * FROM "posts" ORDER BY position LIMIT 20 OFFSET 0[0m
Rendering template within layouts/application
Rendering posts/index
Completed in 11ms (View: 6, DB: 1) | 200 OK [http://localhost/]


Processing PostsController#show (for 127.0.0.1 at 2010-06-22 18:10:08) [GET]
  Parameters: {"id"=>"4"}
  [4;35;1mPost Load (0.3ms)[0m   [0mSELECT * FROM "posts" WHERE ("posts"."id" = 4) [0m
Rendering template within layouts/application
Rendering posts/show
Completed in 9ms (View: 4, DB: 0) | 200 OK [http://localhost/posts/4]


Processing PostsController#index (for 127.0.0.1 at 2010-06-22 18:10:09) [GET]
  [4;36;1mPost Load (0.6ms)[0m   [0;1mSELECT * FROM "posts" ORDER BY position LIMIT 20 OFFSET 0[0m
Rendering template within layouts/application
Rendering posts/index
Completed in 87ms (View: 82, DB: 1) | 200 OK [http://localhost/]


Processing PostsController#show (for 127.0.0.1 at 2010-06-22 18:10:10) [GET]
  Parameters: {"id"=>"2"}
  [4;35;1mPost Load (0.2ms)[0m   [0mSELECT * FROM "posts" WHERE ("posts"."id" = 2) [0m
Rendering template within layouts/application
Rendering posts/show
Completed in 9ms (View: 4, DB: 0) | 200 OK [http://localhost/posts/2]


Processing PostsController#index (for 127.0.0.1 at 2010-06-22 18:10:11) [GET]
  [4;36;1mPost Load (0.6ms)[0m   [0;1mSELECT * FROM "posts" ORDER BY position LIMIT 20 OFFSET 0[0m
Rendering template within layouts/application
Rendering posts/index
Completed in 12ms (View: 7, DB: 1) | 200 OK [http://localhost/]


Processing PostsController#index (for 127.0.0.1 at 2010-06-22 18:11:32) [GET]
  [4;35;1mPost Load (0.6ms)[0m   [0mSELECT * FROM "posts" ORDER BY position LIMIT 20 OFFSET 0[0m
Rendering template within layouts/application
Rendering posts/index
Completed in 15ms (View: 10, DB: 1) | 200 OK [http://localhost/]


Processing PostsController#sort (for 127.0.0.1 at 2010-06-22 18:11:36) [POST]
  Parameters: {"authenticity_token"=>"lkj3Vvv4O1aKk14ht1OC1I5dM6nyXOStttZMxoE/kNU=", "posts"=>["1", "2", "4", "3"], "_"=>""}
  [4;36;1mPost Update (3.4ms)[0m   [0;1mUPDATE "posts" SET position=1 WHERE (id='1') [0m
  [4;35;1mPost Update (1.9ms)[0m   [0mUPDATE "posts" SET position=2 WHERE (id='2') [0m
  [4;36;1mPost Update (1.7ms)[0m   [0;1mUPDATE "posts" SET position=3 WHERE (id='4') [0m
  [4;35;1mPost Update (2.0ms)[0m   [0mUPDATE "posts" SET position=4 WHERE (id='3') [0m
Completed in 15ms (View: 1, DB: 9) | 200 OK [http://localhost/posts/sort]


Processing PostsController#sort (for 127.0.0.1 at 2010-06-22 18:11:37) [POST]
  Parameters: {"authenticity_token"=>"lkj3Vvv4O1aKk14ht1OC1I5dM6nyXOStttZMxoE/kNU=", "posts"=>["1", "4", "2", "3"], "_"=>""}
  [4;36;1mPost Update (3.6ms)[0m   [0;1mUPDATE "posts" SET position=1 WHERE (id='1') [0m
  [4;35;1mPost Update (1.9ms)[0m   [0mUPDATE "posts" SET position=2 WHERE (id='4') [0m
  [4;36;1mPost Update (2.0ms)[0m   [0;1mUPDATE "posts" SET position=3 WHERE (id='2') [0m
  [4;35;1mPost Update (3.4ms)[0m   [0mUPDATE "posts" SET position=4 WHERE (id='3') [0m
Completed in 17ms (View: 1, DB: 11) | 200 OK [http://localhost/posts/sort]


Processing PostsController#sort (for 127.0.0.1 at 2010-06-22 18:11:38) [POST]
  Parameters: {"authenticity_token"=>"lkj3Vvv4O1aKk14ht1OC1I5dM6nyXOStttZMxoE/kNU=", "posts"=>["4", "2", "1", "3"], "_"=>""}
  [4;36;1mPost Update (21.4ms)[0m   [0;1mUPDATE "posts" SET position=1 WHERE (id='4') [0m
  [4;35;1mPost Update (30.0ms)[0m   [0mUPDATE "posts" SET position=2 WHERE (id='2') [0m
  [4;36;1mPost Update (2.1ms)[0m   [0;1mUPDATE "posts" SET position=3 WHERE (id='1') [0m
  [4;35;1mPost Update (2.1ms)[0m   [0mUPDATE "posts" SET position=4 WHERE (id='3') [0m
Completed in 62ms (View: 1, DB: 56) | 200 OK [http://localhost/posts/sort]


Processing PostsController#sort (for 127.0.0.1 at 2010-06-22 18:11:39) [POST]
  Parameters: {"authenticity_token"=>"lkj3Vvv4O1aKk14ht1OC1I5dM6nyXOStttZMxoE/kNU=", "posts"=>["4", "2", "3", "1"], "_"=>""}
  [4;36;1mPost Update (3.3ms)[0m   [0;1mUPDATE "posts" SET position=1 WHERE (id='4') [0m
  [4;35;1mPost Update (1.8ms)[0m   [0mUPDATE "posts" SET position=2 WHERE (id='2') [0m
  [4;36;1mPost Update (1.9ms)[0m   [0;1mUPDATE "posts" SET position=3 WHERE (id='3') [0m
  [4;35;1mPost Update (2.4ms)[0m   [0mUPDATE "posts" SET position=4 WHERE (id='1') [0m
Completed in 17ms (View: 2, DB: 9) | 200 OK [http://localhost/posts/sort]


Processing PostsController#index (for 127.0.0.1 at 2010-06-22 18:11:40) [GET]
  [4;36;1mPost Load (0.6ms)[0m   [0;1mSELECT * FROM "posts" ORDER BY position LIMIT 20 OFFSET 0[0m
Rendering template within layouts/application
Rendering posts/index
Completed in 10ms (View: 6, DB: 1) | 200 OK [http://localhost/]


Processing PostsController#index (for 127.0.0.1 at 2010-06-22 18:12:43) [GET]
  [4;35;1mPost Load (0.6ms)[0m   [0mSELECT * FROM "posts" ORDER BY position LIMIT 20 OFFSET 0[0m
Rendering template within layouts/application
Rendering posts/index
Completed in 11ms (View: 6, DB: 1) | 200 OK [http://localhost/]


Processing PostsController#sort (for 127.0.0.1 at 2010-06-22 18:12:46) [POST]
  Parameters: {"authenticity_token"=>"lkj3Vvv4O1aKk14ht1OC1I5dM6nyXOStttZMxoE/kNU=", "posts"=>["2", "4", "3", "1"], "_"=>""}
  [4;36;1mPost Update (3.6ms)[0m   [0;1mUPDATE "posts" SET position=1 WHERE (id='2') [0m
  [4;35;1mPost Update (2.1ms)[0m   [0mUPDATE "posts" SET position=2 WHERE (id='4') [0m
  [4;36;1mPost Update (1.9ms)[0m   [0;1mUPDATE "posts" SET position=3 WHERE (id='3') [0m
  [4;35;1mPost Update (3.6ms)[0m   [0mUPDATE "posts" SET position=4 WHERE (id='1') [0m
Completed in 17ms (View: 1, DB: 11) | 200 OK [http://localhost/posts/sort]


Processing PostsController#sort (for 127.0.0.1 at 2010-06-22 18:12:47) [POST]
  Parameters: {"authenticity_token"=>"lkj3Vvv4O1aKk14ht1OC1I5dM6nyXOStttZMxoE/kNU=", "posts"=>["2", "1", "4", "3"], "_"=>""}
  [4;36;1mPost Update (3.6ms)[0m   [0;1mUPDATE "posts" SET position=1 WHERE (id='2') [0m
  [4;35;1mPost Update (2.0ms)[0m   [0mUPDATE "posts" SET position=2 WHERE (id='1') [0m
  [4;36;1mPost Update (2.0ms)[0m   [0;1mUPDATE "posts" SET position=3 WHERE (id='4') [0m
  [4;35;1mPost Update (4.6ms)[0m   [0mUPDATE "posts" SET position=4 WHERE (id='3') [0m
Completed in 19ms (View: 1, DB: 12) | 200 OK [http://localhost/posts/sort]


Processing PostsController#index (for 127.0.0.1 at 2010-06-22 18:12:54) [GET]
  [4;36;1mPost Load (0.6ms)[0m   [0;1mSELECT * FROM "posts" ORDER BY position LIMIT 20 OFFSET 0[0m
Rendering template within layouts/application
Rendering posts/index
Completed in 10ms (View: 6, DB: 1) | 200 OK [http://localhost/]


Processing PostsController#sort (for 127.0.0.1 at 2010-06-22 18:12:56) [POST]
  Parameters: {"authenticity_token"=>"lkj3Vvv4O1aKk14ht1OC1I5dM6nyXOStttZMxoE/kNU=", "posts"=>["2", "3", "1", "4"], "_"=>""}
  [4;35;1mPost Update (3.3ms)[0m   [0mUPDATE "posts" SET position=1 WHERE (id='2') [0m
  [4;36;1mPost Update (2.0ms)[0m   [0;1mUPDATE "posts" SET position=2 WHERE (id='3') [0m
  [4;35;1mPost Update (2.2ms)[0m   [0mUPDATE "posts" SET position=3 WHERE (id='1') [0m
  [4;36;1mPost Update (2.9ms)[0m   [0;1mUPDATE "posts" SET position=4 WHERE (id='4') [0m
Completed in 17ms (View: 1, DB: 10) | 200 OK [http://localhost/posts/sort]


Processing PostsController#sort (for 127.0.0.1 at 2010-06-22 18:12:57) [POST]
  Parameters: {"authenticity_token"=>"lkj3Vvv4O1aKk14ht1OC1I5dM6nyXOStttZMxoE/kNU=", "posts"=>["3", "1", "2", "4"], "_"=>""}
  [4;35;1mPost Update (3.3ms)[0m   [0mUPDATE "posts" SET position=1 WHERE (id='3') [0m
  [4;36;1mPost Update (1.8ms)[0m   [0;1mUPDATE "posts" SET position=2 WHERE (id='1') [0m
  [4;35;1mPost Update (1.9ms)[0m   [0mUPDATE "posts" SET position=3 WHERE (id='2') [0m
  [4;36;1mPost Update (3.7ms)[0m   [0;1mUPDATE "posts" SET position=4 WHERE (id='4') [0m
Completed in 23ms (View: 7, DB: 11) | 200 OK [http://localhost/posts/sort]


Processing PostsController#index (for 127.0.0.1 at 2010-06-22 18:13:15) [GET]
  [4;35;1mPost Load (0.6ms)[0m   [0mSELECT * FROM "posts" ORDER BY position LIMIT 20 OFFSET 0[0m
Rendering template within layouts/application
Rendering posts/index
Completed in 16ms (View: 11, DB: 1) | 200 OK [http://localhost/]


Processing PostsController#sort (for 127.0.0.1 at 2010-06-22 18:13:18) [POST]
  Parameters: {"authenticity_token"=>"lkj3Vvv4O1aKk14ht1OC1I5dM6nyXOStttZMxoE/kNU=", "posts"=>["3", "1", "4", "2"], "_"=>""}
  [4;36;1mPost Update (3.6ms)[0m   [0;1mUPDATE "posts" SET position=1 WHERE (id='3') [0m
  [4;35;1mPost Update (2.0ms)[0m   [0mUPDATE "posts" SET position=2 WHERE (id='1') [0m
  [4;36;1mPost Update (2.1ms)[0m   [0;1mUPDATE "posts" SET position=3 WHERE (id='4') [0m
  [4;35;1mPost Update (3.5ms)[0m   [0mUPDATE "posts" SET position=4 WHERE (id='2') [0m
Completed in 18ms (View: 1, DB: 11) | 200 OK [http://localhost/posts/sort]


Processing PostsController#sort (for 127.0.0.1 at 2010-06-22 18:13:19) [POST]
  Parameters: {"authenticity_token"=>"lkj3Vvv4O1aKk14ht1OC1I5dM6nyXOStttZMxoE/kNU=", "posts"=>["1", "4", "3", "2"], "_"=>""}
  [4;36;1mPost Update (3.4ms)[0m   [0;1mUPDATE "posts" SET position=1 WHERE (id='1') [0m
  [4;35;1mPost Update (1.9ms)[0m   [0mUPDATE "posts" SET position=2 WHERE (id='4') [0m
  [4;36;1mPost Update (1.8ms)[0m   [0;1mUPDATE "posts" SET position=3 WHERE (id='3') [0m
  [4;35;1mPost Update (1.9ms)[0m   [0mUPDATE "posts" SET position=4 WHERE (id='2') [0m
Completed in 17ms (View: 4, DB: 9) | 200 OK [http://localhost/posts/sort]


Processing PostsController#sort (for 127.0.0.1 at 2010-06-22 18:13:20) [POST]
  Parameters: {"authenticity_token"=>"lkj3Vvv4O1aKk14ht1OC1I5dM6nyXOStttZMxoE/kNU=", "posts"=>["1", "2", "4", "3"], "_"=>""}
  [4;36;1mPost Update (3.3ms)[0m   [0;1mUPDATE "posts" SET position=1 WHERE (id='1') [0m
  [4;35;1mPost Update (1.8ms)[0m   [0mUPDATE "posts" SET position=2 WHERE (id='2') [0m
  [4;36;1mPost Update (2.0ms)[0m   [0;1mUPDATE "posts" SET position=3 WHERE (id='4') [0m
  [4;35;1mPost Update (2.6ms)[0m   [0mUPDATE "posts" SET position=4 WHERE (id='3') [0m
Completed in 17ms (View: 2, DB: 10) | 200 OK [http://localhost/posts/sort]


Processing PostsController#index (for 127.0.0.1 at 2010-06-22 18:17:07) [GET]
  [4;36;1mPost Load (0.7ms)[0m   [0;1mSELECT * FROM "posts" ORDER BY position LIMIT 20 OFFSET 0[0m
Rendering template within layouts/application
Rendering posts/index
Completed in 99ms (View: 94, DB: 1) | 200 OK [http://localhost/]


Processing PostsController#index (for 127.0.0.1 at 2010-06-22 18:17:08) [GET]
  [4;35;1mPost Load (0.6ms)[0m   [0mSELECT * FROM "posts" ORDER BY position LIMIT 20 OFFSET 0[0m
Rendering template within layouts/application
Rendering posts/index
Completed in 11ms (View: 7, DB: 1) | 200 OK [http://localhost/]


Processing PostsController#sort (for 127.0.0.1 at 2010-06-22 18:17:10) [POST]
  Parameters: {"authenticity_token"=>"lkj3Vvv4O1aKk14ht1OC1I5dM6nyXOStttZMxoE/kNU=", "posts"=>["2", "4", "1", "3"], "_"=>""}
  [4;36;1mPost Update (4.2ms)[0m   [0;1mUPDATE "posts" SET position=1 WHERE (id='2') [0m
  [4;35;1mPost Update (4.7ms)[0m   [0mUPDATE "posts" SET position=2 WHERE (id='4') [0m
  [4;36;1mPost Update (4.3ms)[0m   [0;1mUPDATE "posts" SET position=3 WHERE (id='1') [0m
  [4;35;1mPost Update (12.5ms)[0m   [0mUPDATE "posts" SET position=4 WHERE (id='3') [0m
Completed in 32ms (View: 1, DB: 26) | 200 OK [http://localhost/posts/sort]


Processing PostsController#index (for 127.0.0.1 at 2010-06-22 18:17:11) [GET]
  [4;36;1mPost Load (0.6ms)[0m   [0;1mSELECT * FROM "posts" ORDER BY position LIMIT 20 OFFSET 0[0m
Rendering template within layouts/application
Rendering posts/index
Completed in 10ms (View: 6, DB: 1) | 200 OK [http://localhost/]


Processing PostsController#sort (for 127.0.0.1 at 2010-06-22 18:17:13) [POST]
  Parameters: {"authenticity_token"=>"lkj3Vvv4O1aKk14ht1OC1I5dM6nyXOStttZMxoE/kNU=", "posts"=>["2", "3", "4", "1"], "_"=>""}
  [4;35;1mPost Update (3.5ms)[0m   [0mUPDATE "posts" SET position=1 WHERE (id='2') [0m
  [4;36;1mPost Update (1.9ms)[0m   [0;1mUPDATE "posts" SET position=2 WHERE (id='3') [0m
  [4;35;1mPost Update (2.1ms)[0m   [0mUPDATE "posts" SET position=3 WHERE (id='4') [0m
  [4;36;1mPost Update (1.9ms)[0m   [0;1mUPDATE "posts" SET position=4 WHERE (id='1') [0m
Completed in 16ms (View: 1, DB: 9) | 200 OK [http://localhost/posts/sort]


Processing PostsController#new (for 127.0.0.1 at 2010-06-22 18:17:15) [GET]
Rendering template within layouts/application
Rendering posts/new
Rendered posts/_form (79.8ms)
Completed in 94ms (View: 90, DB: 0) | 200 OK [http://localhost/posts/new]


Processing PostsController#create (for 127.0.0.1 at 2010-06-22 18:17:18) [POST]
  Parameters: {"commit"=>"Submit", "post"=>{"title"=>"New Post"}, "authenticity_token"=>"lkj3Vvv4O1aKk14ht1OC1I5dM6nyXOStttZMxoE/kNU="}
  [4;35;1mPost Load (0.2ms)[0m   [0mSELECT * FROM "posts" WHERE (1 = 1) ORDER BY position DESC LIMIT 1[0m
  [4;36;1mPost Create (0.2ms)[0m   [0;1mINSERT INTO "posts" ("position", "created_at", "title", "updated_at") VALUES(5, '2010-06-22 22:17:18', 'New Post', '2010-06-22 22:17:18')[0m
Redirected to http://localhost:3000/posts/5
Completed in 10ms (DB: 0) | 302 Found [http://localhost/posts]


Processing PostsController#show (for 127.0.0.1 at 2010-06-22 18:17:18) [GET]
  Parameters: {"id"=>"5"}
  [4;35;1mPost Load (0.2ms)[0m   [0mSELECT * FROM "posts" WHERE ("posts"."id" = 5) [0m
Rendering template within layouts/application
Rendering posts/show
Completed in 13ms (View: 8, DB: 0) | 200 OK [http://localhost/posts/5]


Processing PostsController#index (for 127.0.0.1 at 2010-06-22 18:17:22) [GET]
  [4;36;1mPost Load (0.7ms)[0m   [0;1mSELECT * FROM "posts" ORDER BY position LIMIT 20 OFFSET 0[0m
Rendering template within layouts/application
Rendering posts/index
Completed in 11ms (View: 7, DB: 1) | 200 OK [http://localhost/posts]


Processing PostsController#sort (for 127.0.0.1 at 2010-06-22 18:17:27) [POST]
  Parameters: {"authenticity_token"=>"lkj3Vvv4O1aKk14ht1OC1I5dM6nyXOStttZMxoE/kNU=", "posts"=>["2", "3", "4", "5", "1"], "_"=>""}
  [4;35;1mPost Update (3.4ms)[0m   [0mUPDATE "posts" SET position=1 WHERE (id='2') [0m
  [4;36;1mPost Update (1.9ms)[0m   [0;1mUPDATE "posts" SET position=2 WHERE (id='3') [0m
  [4;35;1mPost Update (1.8ms)[0m   [0mUPDATE "posts" SET position=3 WHERE (id='4') [0m
  [4;36;1mPost Update (2.0ms)[0m   [0;1mUPDATE "posts" SET position=4 WHERE (id='5') [0m
  [4;35;1mPost Update (2.9ms)[0m   [0mUPDATE "posts" SET position=5 WHERE (id='1') [0m
Completed in 21ms (View: 3, DB: 12) | 200 OK [http://localhost/posts/sort]


Processing PostsController#new (for 127.0.0.1 at 2010-06-22 18:17:54) [GET]
Rendering template within layouts/application
Rendering posts/new
Rendered posts/_form (4.6ms)
Completed in 11ms (View: 7, DB: 0) | 200 OK [http://localhost/posts/new]


Processing PostsController#create (for 127.0.0.1 at 2010-06-22 18:17:58) [POST]
  Parameters: {"commit"=>"Submit", "post"=>{"title"=>"Yet another new post"}, "authenticity_token"=>"lkj3Vvv4O1aKk14ht1OC1I5dM6nyXOStttZMxoE/kNU="}
  [4;36;1mPost Load (0.3ms)[0m   [0;1mSELECT * FROM "posts" WHERE (1 = 1) ORDER BY position DESC LIMIT 1[0m
  [4;35;1mPost Create (0.3ms)[0m   [0mINSERT INTO "posts" ("position", "created_at", "title", "updated_at") VALUES(6, '2010-06-22 22:17:58', 'Yet another new post', '2010-06-22 22:17:58')[0m
Redirected to http://localhost:3000/posts
Completed in 11ms (DB: 1) | 302 Found [http://localhost/posts]


Processing PostsController#index (for 127.0.0.1 at 2010-06-22 18:17:59) [GET]
  [4;36;1mPost Load (0.7ms)[0m   [0;1mSELECT * FROM "posts" ORDER BY position LIMIT 20 OFFSET 0[0m
Rendering template within layouts/application
Rendering posts/index
Completed in 12ms (View: 8, DB: 1) | 200 OK [http://localhost/posts]


Processing PostsController#sort (for 127.0.0.1 at 2010-06-22 18:18:01) [POST]
  Parameters: {"authenticity_token"=>"lkj3Vvv4O1aKk14ht1OC1I5dM6nyXOStttZMxoE/kNU=", "posts"=>["2", "3", "6", "4", "5", "1"], "_"=>""}
  [4;35;1mPost Update (3.2ms)[0m   [0mUPDATE "posts" SET position=1 WHERE (id='2') [0m
  [4;36;1mPost Update (1.6ms)[0m   [0;1mUPDATE "posts" SET position=2 WHERE (id='3') [0m
  [4;35;1mPost Update (1.7ms)[0m   [0mUPDATE "posts" SET position=3 WHERE (id='6') [0m
  [4;36;1mPost Update (1.9ms)[0m   [0;1mUPDATE "posts" SET position=4 WHERE (id='4') [0m
  [4;35;1mPost Update (3.8ms)[0m   [0mUPDATE "posts" SET position=5 WHERE (id='5') [0m
  [4;36;1mPost Update (1.8ms)[0m   [0;1mUPDATE "posts" SET position=6 WHERE (id='1') [0m
Completed in 21ms (View: 1, DB: 14) | 200 OK [http://localhost/posts/sort]


Processing PostsController#sort (for 127.0.0.1 at 2010-06-22 18:18:03) [POST]
  Parameters: {"authenticity_token"=>"lkj3Vvv4O1aKk14ht1OC1I5dM6nyXOStttZMxoE/kNU=", "posts"=>["3", "6", "4", "5", "2", "1"], "_"=>""}
  [4;35;1mPost Update (3.3ms)[0m   [0mUPDATE "posts" SET position=1 WHERE (id='3') [0m
  [4;36;1mPost Update (2.1ms)[0m   [0;1mUPDATE "posts" SET position=2 WHERE (id='6') [0m
  [4;35;1mPost Update (2.0ms)[0m   [0mUPDATE "posts" SET position=3 WHERE (id='4') [0m
  [4;36;1mPost Update (1.8ms)[0m   [0;1mUPDATE "posts" SET position=4 WHERE (id='5') [0m
  [4;35;1mPost Update (1.6ms)[0m   [0mUPDATE "posts" SET position=5 WHERE (id='2') [0m
  [4;36;1mPost Update (3.4ms)[0m   [0;1mUPDATE "posts" SET position=6 WHERE (id='1') [0m
Completed in 22ms (View: 1, DB: 14) | 200 OK [http://localhost/posts/sort]


Processing PostsController#sort (for 127.0.0.1 at 2010-06-22 18:18:04) [POST]
  Parameters: {"authenticity_token"=>"lkj3Vvv4O1aKk14ht1OC1I5dM6nyXOStttZMxoE/kNU=", "posts"=>["3", "6", "1", "4", "5", "2"], "_"=>""}
  [4;35;1mPost Update (1.9ms)[0m   [0mUPDATE "posts" SET position=1 WHERE (id='3') [0m
  [4;36;1mPost Update (1.9ms)[0m   [0;1mUPDATE "posts" SET position=2 WHERE (id='6') [0m
  [4;35;1mPost Update (1.9ms)[0m   [0mUPDATE "posts" SET position=3 WHERE (id='1') [0m
  [4;36;1mPost Update (1.9ms)[0m   [0;1mUPDATE "posts" SET position=4 WHERE (id='4') [0m
  [4;35;1mPost Update (3.1ms)[0m   [0mUPDATE "posts" SET position=5 WHERE (id='5') [0m
  [4;36;1mPost Update (3.6ms)[0m   [0;1mUPDATE "posts" SET position=6 WHERE (id='2') [0m
Completed in 21ms (View: 1, DB: 14) | 200 OK [http://localhost/posts/sort]
